\BOOKMARK [-1][]{ctitle.-1}{\376\377\127\372\116\216\000U\000E\000F\000I\166\204\170\154\166\330\145\207\116\366\133\211\121\150\122\240\217\175\173\126\165\145\170\024\172\166\116\016\133\236\163\260}{}% 1
\BOOKMARK [0][]{section*.2}{\376\377\144\130\000\040\211\201}{ctitle.-1}% 2
\BOOKMARK [0][]{section*.4}{\376\377\000A\000b\000s\000t\000r\000a\000c\000t}{ctitle.-1}% 3
\BOOKMARK [0][]{thuchapter.1.0}{\376\377\166\356\000\040\137\125}{ctitle.-1}% 4
\BOOKMARK [0][]{chapter.1}{\376\377\173\054\0001\172\340\000\040\176\352\213\272}{ctitle.-1}% 5
\BOOKMARK [1][-]{section.1.1}{\376\377\0001\000.\0001\000\040\170\024\172\166\200\314\146\157\123\312\141\017\116\111}{chapter.1}% 6
\BOOKMARK [1][-]{section.1.2}{\376\377\0001\000.\0002\000\040\126\375\121\205\131\026\170\024\172\166\163\260\162\266}{chapter.1}% 7
\BOOKMARK [1][-]{section.1.3}{\376\377\0001\000.\0003\000\040\116\073\211\201\170\024\172\166\121\205\133\271}{chapter.1}% 8
\BOOKMARK [1][-]{section.1.4}{\376\377\0001\000.\0004\000\040\147\054\145\207\176\304\176\307\176\323\147\204}{chapter.1}% 9
\BOOKMARK [0][]{chapter.2}{\376\377\173\054\0002\172\340\000\040\166\370\121\163\167\345\213\306\123\312\142\200\147\057\116\313\176\315}{ctitle.-1}% 10
\BOOKMARK [1][-]{section.2.1}{\376\377\0002\000.\0001\000\040\000U\000E\000F\000I\151\202\217\360}{chapter.2}% 11
\BOOKMARK [2][-]{subsection.2.1.1}{\376\377\0002\000.\0001\000.\0001\000\040\000U\000E\000F\000I\174\373\176\337\176\323\147\204}{section.2.1}% 12
\BOOKMARK [2][-]{subsection.2.1.2}{\376\377\0002\000.\0001\000.\0002\000\040\000U\000E\000F\000I\123\117\213\256\217\320\117\134\145\271\137\017}{section.2.1}% 13
\BOOKMARK [1][-]{section.2.2}{\376\377\0002\000.\0002\000\040\000U\000E\000F\000I\126\372\116\366\145\207\116\366\174\373\176\337\145\160\143\156\133\130\120\250\145\271\137\017\116\313\176\315}{chapter.2}% 14
\BOOKMARK [1][-]{section.2.3}{\376\377\0002\000.\0003\000\040\000U\000E\000F\000I\145\207\116\366\174\373\176\337\123\117\213\256\150\010}{chapter.2}% 15
\BOOKMARK [2][-]{subsection.2.3.1}{\376\377\0002\000.\0003\000.\0001\000\040\140\073\117\123\116\313\176\315}{section.2.3}% 16
\BOOKMARK [2][-]{subsection.2.3.2}{\376\377\0002\000.\0003\000.\0002\000\040\166\370\121\163\232\161\122\250\116\313\176\315}{section.2.3}% 17
\BOOKMARK [1][-]{section.2.4}{\376\377\0002\000.\0004\000\040\000B\000M\000C\142\200\147\057\116\313\176\315}{chapter.2}% 18
\BOOKMARK [2][-]{subsection.2.4.1}{\376\377\0002\000.\0004\000.\0001\000\040\000B\000M\000C\127\050\174\373\176\337\116\055\166\204\117\115\177\156}{section.2.4}% 19
\BOOKMARK [2][-]{subsection.2.4.2}{\376\377\0002\000.\0004\000.\0002\000\040\000B\000M\000C\116\016\000B\000I\000O\000S\220\032\213\257\145\271\137\017}{section.2.4}% 20
\BOOKMARK [1][-]{section.2.5}{\376\377\0002\000.\0005\000\040\123\357\117\341\213\241\173\227\142\200\147\057}{chapter.2}% 21
\BOOKMARK [2][-]{subsection.2.5.1}{\376\377\0002\000.\0005\000.\0001\000\040\123\357\117\341\213\241\173\227\117\341\116\373\224\376}{section.2.5}% 22
\BOOKMARK [2][-]{subsection.2.5.2}{\376\377\0002\000.\0005\000.\0002\000\040\123\357\117\341\136\163\123\360\152\041\127\127}{section.2.5}% 23
\BOOKMARK [0][]{chapter.3}{\376\377\173\054\0003\172\340\000\040\127\372\116\216\000U\000E\000F\000I\166\204\170\154\166\330\145\207\116\366\133\211\121\150\122\240\217\175\173\126\165\145\170\024\172\166}{ctitle.-1}% 24
\BOOKMARK [1][-]{section.3.1}{\376\377\0003\000.\0001\000\040\133\211\121\150\157\017\155\036\122\006\147\220}{chapter.3}% 25
\BOOKMARK [2][-]{subsection.3.1.1}{\376\377\0003\000.\0001\000.\0001\000\040\000U\000E\000F\000I\163\257\130\203\145\207\116\366\122\240\217\175\217\307\172\013\122\006\147\220}{section.3.1}% 26
\BOOKMARK [2][-]{subsection.3.1.2}{\376\377\0003\000.\0001\000.\0002\000\040\116\316\170\154\166\330\145\073\121\373\121\163\225\056\145\207\116\366}{section.3.1}% 27
\BOOKMARK [2][-]{subsection.3.1.3}{\376\377\0003\000.\0001\000.\0003\000\040\116\316\126\372\116\366\202\257\162\107\145\073\121\373\121\163\225\056\232\161\122\250}{section.3.1}% 28
\BOOKMARK [1][-]{section.3.2}{\376\377\0003\000.\0002\000\040\117\341\116\373\224\376\166\204\117\040\220\022}{chapter.3}% 29
\BOOKMARK [1][-]{section.3.3}{\376\377\0003\000.\0003\000\040\140\073\117\123\147\266\147\204\213\276\213\241}{chapter.3}% 30
\BOOKMARK [1][-]{section.3.4}{\376\377\0003\000.\0004\000\040\152\041\127\127\213\276\213\241}{chapter.3}% 31
\BOOKMARK [1][-]{section.3.5}{\376\377\0003\000.\0005\000\040\147\054\172\340\134\017\176\323}{chapter.3}% 32
\BOOKMARK [0][]{chapter.4}{\376\377\173\054\0004\172\340\000\040\127\372\116\216\000U\000E\000F\000I\166\204\170\154\166\330\145\207\116\366\123\357\117\341\122\240\217\175\213\346\176\306\213\276\213\241}{ctitle.-1}% 33
\BOOKMARK [1][-]{section.4.1}{\376\377\0004\000.\0001\000\040\136\246\221\317\213\241\173\227\152\041\127\127\213\276\213\241}{chapter.4}% 34
\BOOKMARK [1][-]{section.4.2}{\376\377\0004\000.\0002\000\040\170\154\166\330\145\207\116\366\136\246\221\317\152\041\127\127\213\276\213\241}{chapter.4}% 35
\BOOKMARK [1][-]{section.4.3}{\376\377\0004\000.\0003\000\040\232\161\122\250\145\207\116\366\136\246\221\317\152\041\127\127}{chapter.4}% 36
\BOOKMARK [1][-]{section.4.4}{\376\377\0004\000.\0004\000\040\126\372\116\366\124\214\170\154\166\330\213\277\225\356\152\041\127\127\213\276\213\241}{chapter.4}% 37
\BOOKMARK [2][-]{subsection.4.4.1}{\376\377\0004\000.\0004\000.\0001\000\040\126\372\116\366\213\277\225\356\213\276\213\241}{section.4.4}% 38
\BOOKMARK [2][-]{subsection.4.4.2}{\376\377\0004\000.\0004\000.\0002\000\040\170\154\166\330\213\277\225\356\213\276\213\241}{section.4.4}% 39
\BOOKMARK [1][-]{section.4.5}{\376\377\0004\000.\0005\000\040\000B\000M\000C\220\032\117\341\152\041\127\127\213\276\213\241}{chapter.4}% 40
\BOOKMARK [2][-]{subsection.4.5.1}{\376\377\0004\000.\0005\000.\0001\000\040\000B\000M\000C\232\161\122\250\213\276\213\241}{section.4.5}% 41
\BOOKMARK [2][-]{subsection.4.5.2}{\376\377\0004\000.\0005\000.\0002\000\040\000B\000M\000C\232\161\122\250\136\246\221\317\145\271\137\017}{section.4.5}% 42
\BOOKMARK [1][-]{section.4.6}{\376\377\0004\000.\0006\000\040\147\054\172\340\134\017\176\323}{chapter.4}% 43
\BOOKMARK [0][]{chapter.5}{\376\377\173\054\0005\172\340\000\040\170\154\166\330\145\207\116\366\123\357\117\341\122\240\217\175\145\271\150\110\133\236\163\260\123\312\155\113\213\325}{ctitle.-1}% 44
\BOOKMARK [1][-]{section.5.1}{\376\377\0005\000.\0001\000\040\000B\000M\000C\232\161\122\250\172\013\136\217\133\236\163\260}{chapter.5}% 45
\BOOKMARK [1][-]{section.5.2}{\376\377\0005\000.\0002\000\040\000U\000E\000F\000I\124\057\122\250\217\307\172\013\116\055\232\161\122\250\145\207\116\366\136\246\221\317\133\236\163\260}{chapter.5}% 46
\BOOKMARK [1][-]{section.5.3}{\376\377\0005\000.\0003\000\040\000U\000E\000F\000I\163\257\130\203\116\055\170\154\166\330\145\207\116\366\136\246\221\317\133\236\163\260}{chapter.5}% 47
\BOOKMARK [1][-]{section.5.4}{\376\377\0005\000.\0004\000\040\123\357\117\341\136\246\221\317\152\041\127\127\133\236\163\260}{chapter.5}% 48
\BOOKMARK [1][-]{section.5.5}{\376\377\0005\000.\0005\000\040\155\113\213\325\116\016\122\006\147\220}{chapter.5}% 49
\BOOKMARK [1][-]{section.5.6}{\376\377\0005\000.\0006\000\040\147\054\172\340\134\017\176\323}{chapter.5}% 50
\BOOKMARK [0][]{chapter.6}{\376\377\173\054\0006\172\340\000\040\133\236\117\213\172\340\202\202}{ctitle.-1}% 51
\BOOKMARK [1][-]{section.6.1}{\376\377\0006\000.\0001\000\040\116\214\176\247\150\007\230\230}{chapter.6}% 52
\BOOKMARK [2][-]{subsection.6.1.1}{\376\377\0006\000.\0001\000.\0001\000\040\116\011\176\247\150\007\230\230}{section.6.1}% 53
\BOOKMARK [1][-]{section.6.2}{\376\377\0006\000.\0002\000\040\121\154\137\017}{chapter.6}% 54
\BOOKMARK [2][-]{subsection.6.2.1}{\376\377\0006\000.\0002\000.\0001\000\040\137\025\165\050}{section.6.2}% 55
\BOOKMARK [2][-]{subsection.6.2.2}{\376\377\0006\000.\0002\000.\0002\000\040\143\322\126\376}{section.6.2}% 56
\BOOKMARK [2][-]{subsection.6.2.3}{\376\377\0006\000.\0002\000.\0003\000\040\210\150\150\074}{section.6.2}% 57
\BOOKMARK [2][-]{subsection.6.2.4}{\376\377\0006\000.\0002\000.\0004\000\040\122\027\210\150}{section.6.2}% 58
\BOOKMARK [0][]{section*.19}{\376\377\176\323\000\040\000\040\000\040\000\040\213\272}{ctitle.-1}% 59
\BOOKMARK [0][]{section*.21}{\376\377\145\073\213\373\170\125\130\353\133\146\117\115\147\037\225\364\123\321\210\150\166\204\133\146\147\057\213\272\145\207}{ctitle.-1}% 60
\BOOKMARK [0][]{section*.23}{\376\377\123\302\200\003\145\207\163\056}{ctitle.-1}% 61
\BOOKMARK [0][]{section*.25}{\376\377\201\364\000\040\214\042}{ctitle.-1}% 62
